  main.cpp
d:\code\mvs12\gameproject1\gameproject1\main.cpp(74): warning C4244: 'argument' : conversion from 'time_t' to 'unsigned int', possible loss of data
d:\code\mvs12\gameproject1\gameproject1\main.cpp(206): warning C4244: '=' : conversion from 'double' to 'int', possible loss of data
d:\code\mvs12\gameproject1\gameproject1\main.cpp(316): warning C4244: 'argument' : conversion from 'double' to 'int', possible loss of data
d:\code\mvs12\gameproject1\gameproject1\main.cpp(317): warning C4244: 'argument' : conversion from 'double' to 'int', possible loss of data
d:\code\mvs12\gameproject1\gameproject1\main.cpp(327): warning C4244: 'argument' : conversion from 'double' to 'const int', possible loss of data
d:\code\mvs12\gameproject1\gameproject1\main.cpp(397): warning C4244: 'argument' : conversion from 'double' to 'const int', possible loss of data
d:\code\mvs12\gameproject1\gameproject1\main.cpp(423): warning C4018: '<' : signed/unsigned mismatch
d:\code\mvs12\gameproject1\gameproject1\main.cpp(443): warning C4244: 'initializing' : conversion from 'double' to 'int', possible loss of data
d:\code\mvs12\gameproject1\gameproject1\main.cpp(444): warning C4244: 'initializing' : conversion from 'double' to 'int', possible loss of data
d:\code\mvs12\gameproject1\gameproject1\main.cpp(510): warning C4018: '<' : signed/unsigned mismatch
d:\code\mvs12\gameproject1\gameproject1\main.cpp(524): warning C4244: 'initializing' : conversion from 'double' to 'int', possible loss of data
d:\code\mvs12\gameproject1\gameproject1\main.cpp(525): warning C4244: 'initializing' : conversion from 'double' to 'int', possible loss of data
d:\code\mvs12\gameproject1\gameproject1\main.cpp(547): warning C4018: '<' : signed/unsigned mismatch
d:\code\mvs12\gameproject1\gameproject1\main.cpp(574): warning C4244: 'argument' : conversion from 'double' to 'const int', possible loss of data
d:\code\mvs12\gameproject1\gameproject1\main.cpp(595): warning C4244: 'argument' : conversion from 'double' to 'const int', possible loss of data
d:\code\mvs12\gameproject1\gameproject1\main.cpp(611): warning C4018: '<' : signed/unsigned mismatch
d:\code\mvs12\gameproject1\gameproject1\main.cpp(636): warning C4244: 'initializing' : conversion from 'double' to 'int', possible loss of data
d:\code\mvs12\gameproject1\gameproject1\main.cpp(637): warning C4244: 'initializing' : conversion from 'double' to 'int', possible loss of data
d:\code\mvs12\gameproject1\gameproject1\main.cpp(645): warning C4244: 'initializing' : conversion from 'double' to 'int', possible loss of data
d:\code\mvs12\gameproject1\gameproject1\main.cpp(646): warning C4244: 'initializing' : conversion from 'double' to 'int', possible loss of data
d:\code\mvs12\gameproject1\gameproject1\main.cpp(716): warning C4018: '<' : signed/unsigned mismatch
d:\code\mvs12\gameproject1\gameproject1\main.cpp(731): warning C4244: 'initializing' : conversion from 'double' to 'int', possible loss of data
d:\code\mvs12\gameproject1\gameproject1\main.cpp(732): warning C4244: 'initializing' : conversion from 'double' to 'int', possible loss of data
  Generating Code...
  Compiling...
  ThreatsObject.cpp
d:\code\mvs12\gameproject1\gameproject1\threatsobject.cpp(7): warning C4244: '=' : conversion from 'double' to 'Sint16', possible loss of data
d:\code\mvs12\gameproject1\gameproject1\threatsobject.cpp(19): warning C4018: '<' : signed/unsigned mismatch
d:\code\mvs12\gameproject1\gameproject1\threatsobject.cpp(42): warning C4244: 'argument' : conversion from 'double' to 'const int', possible loss of data
d:\code\mvs12\gameproject1\gameproject1\threatsobject.cpp(52): warning C4018: '<' : signed/unsigned mismatch
d:\code\mvs12\gameproject1\gameproject1\threatsobject.cpp(65): warning C4244: 'argument' : conversion from 'double' to 'const int', possible loss of data
d:\code\mvs12\gameproject1\gameproject1\threatsobject.cpp(81): warning C4244: '=' : conversion from 'double' to 'int', possible loss of data
d:\code\mvs12\gameproject1\gameproject1\threatsobject.cpp(101): warning C4244: '=' : conversion from 'double' to 'int', possible loss of data
d:\code\mvs12\gameproject1\gameproject1\threatsobject.cpp(110): warning C4244: 'argument' : conversion from 'double' to 'const int', possible loss of data
  TextObject.cpp
  PlayerPower.cpp
d:\code\mvs12\gameproject1\gameproject1\playerpower.cpp(24): warning C4018: '<' : signed/unsigned mismatch
  MainObject.cpp
d:\code\mvs12\gameproject1\gameproject1\mainobject.cpp(85): warning C4244: 'argument' : conversion from 'double' to 'const int', possible loss of data
d:\code\mvs12\gameproject1\gameproject1\mainobject.cpp(104): warning C4018: '<' : signed/unsigned mismatch
d:\code\mvs12\gameproject1\gameproject1\mainobject.cpp(148): warning C4018: '<' : signed/unsigned mismatch
d:\code\mvs12\gameproject1\gameproject1\mainobject.cpp(150): warning C4018: '<' : signed/unsigned mismatch
  ItemObject.cpp
d:\code\mvs12\gameproject1\gameproject1\itemobject.cpp(7): warning C4244: '=' : conversion from 'double' to 'Sint16', possible loss of data
  ExplosionObject2.cpp
  ExplosionObject.cpp
  Common_Function.cpp
  BossObject.cpp
d:\code\mvs12\gameproject1\gameproject1\bossobject.cpp(7): warning C4244: '=' : conversion from 'double' to 'Sint16', possible loss of data
d:\code\mvs12\gameproject1\gameproject1\bossobject.cpp(16): warning C4018: '<' : signed/unsigned mismatch
d:\code\mvs12\gameproject1\gameproject1\bossobject.cpp(76): warning C4018: '<' : signed/unsigned mismatch
d:\code\mvs12\gameproject1\gameproject1\bossobject.cpp(90): warning C4244: 'argument' : conversion from 'double' to 'const int', possible loss of data
  BaseObject.cpp
  AmoObject.cpp
  Generating Code...
  GameProject1.vcxproj -> D:\CODE\MVS12\GameProject1\Debug\GameProject1.exe
